<?xml version="1.0" encoding="UTF-8"?>
<testsuite name="com.wnsgml972.strada.config.StradaConfigTest" tests="1" skipped="0" failures="1" errors="0" timestamp="2021-04-18T13:22:04" hostname="ip-192-168-0-57.ap-northeast-1.compute.internal" time="0.0">
  <properties/>
  <testcase name="initializationError" classname="com.wnsgml972.strada.config.StradaConfigTest" time="0.0">
    <failure message="org.junit.jupiter.api.extension.ParameterResolutionException: Failed to resolve parameter [org.springframework.context.ApplicationContext context] in constructor [public com.wnsgml972.strada.config.StradaConfigTest(org.springframework.context.ApplicationContext)]: Failed to load ApplicationContext" type="org.junit.jupiter.api.extension.ParameterResolutionException">org.junit.jupiter.api.extension.ParameterResolutionException: Failed to resolve parameter [org.springframework.context.ApplicationContext context] in constructor [public com.wnsgml972.strada.config.StradaConfigTest(org.springframework.context.ApplicationContext)]: Failed to load ApplicationContext
	at org.junit.jupiter.engine.execution.ExecutableInvoker.resolveParameter(ExecutableInvoker.java:239)
	at org.junit.jupiter.engine.execution.ExecutableInvoker.resolveParameters(ExecutableInvoker.java:183)
	at org.junit.jupiter.engine.execution.ExecutableInvoker.invoke(ExecutableInvoker.java:74)
	at org.junit.jupiter.engine.descriptor.ClassBasedTestDescriptor.invokeTestClassConstructor(ClassBasedTestDescriptor.java:342)
	at org.junit.jupiter.engine.descriptor.ClassBasedTestDescriptor.instantiateTestClass(ClassBasedTestDescriptor.java:289)
	at org.junit.jupiter.engine.descriptor.ClassTestDescriptor.instantiateTestClass(ClassTestDescriptor.java:79)
	at org.junit.jupiter.engine.descriptor.ClassBasedTestDescriptor.instantiateAndPostProcessTestInstance(ClassBasedTestDescriptor.java:267)
	at org.junit.jupiter.engine.descriptor.ClassBasedTestDescriptor.lambda$testInstancesProvider$2(ClassBasedTestDescriptor.java:259)
	at java.base/java.util.Optional.orElseGet(Optional.java:369)
	at org.junit.jupiter.engine.descriptor.ClassBasedTestDescriptor.lambda$testInstancesProvider$3(ClassBasedTestDescriptor.java:258)
	at org.junit.jupiter.engine.execution.TestInstancesProvider.getTestInstances(TestInstancesProvider.java:31)
	at org.junit.jupiter.engine.descriptor.ClassBasedTestDescriptor.lambda$before$0(ClassBasedTestDescriptor.java:184)
	at org.junit.platform.engine.support.hierarchical.ThrowableCollector.execute(ThrowableCollector.java:73)
	at org.junit.jupiter.engine.descriptor.ClassBasedTestDescriptor.before(ClassBasedTestDescriptor.java:183)
	at org.junit.jupiter.engine.descriptor.ClassBasedTestDescriptor.before(ClassBasedTestDescriptor.java:78)
	at org.junit.platform.engine.support.hierarchical.NodeTestTask.lambda$executeRecursively$5(NodeTestTask.java:136)
	at org.junit.platform.engine.support.hierarchical.ThrowableCollector.execute(ThrowableCollector.java:73)
	at org.junit.platform.engine.support.hierarchical.NodeTestTask.lambda$executeRecursively$7(NodeTestTask.java:129)
	at org.junit.platform.engine.support.hierarchical.Node.around(Node.java:137)
	at org.junit.platform.engine.support.hierarchical.NodeTestTask.lambda$executeRecursively$8(NodeTestTask.java:127)
	at org.junit.platform.engine.support.hierarchical.ThrowableCollector.execute(ThrowableCollector.java:73)
	at org.junit.platform.engine.support.hierarchical.NodeTestTask.executeRecursively(NodeTestTask.java:126)
	at org.junit.platform.engine.support.hierarchical.NodeTestTask.execute(NodeTestTask.java:84)
	at org.junit.platform.engine.support.hierarchical.ForkJoinPoolHierarchicalTestExecutorService$ExclusiveTask.compute(ForkJoinPoolHierarchicalTestExecutorService.java:185)
	at org.junit.platform.engine.support.hierarchical.ForkJoinPoolHierarchicalTestExecutorService.invokeAll(ForkJoinPoolHierarchicalTestExecutorService.java:129)
	at org.junit.platform.engine.support.hierarchical.NodeTestTask.lambda$executeRecursively$5(NodeTestTask.java:143)
	at org.junit.platform.engine.support.hierarchical.ThrowableCollector.execute(ThrowableCollector.java:73)
	at org.junit.platform.engine.support.hierarchical.NodeTestTask.lambda$executeRecursively$7(NodeTestTask.java:129)
	at org.junit.platform.engine.support.hierarchical.Node.around(Node.java:137)
	at org.junit.platform.engine.support.hierarchical.NodeTestTask.lambda$executeRecursively$8(NodeTestTask.java:127)
	at org.junit.platform.engine.support.hierarchical.ThrowableCollector.execute(ThrowableCollector.java:73)
	at org.junit.platform.engine.support.hierarchical.NodeTestTask.executeRecursively(NodeTestTask.java:126)
	at org.junit.platform.engine.support.hierarchical.NodeTestTask.execute(NodeTestTask.java:84)
	at org.junit.platform.engine.support.hierarchical.ForkJoinPoolHierarchicalTestExecutorService$ExclusiveTask.compute(ForkJoinPoolHierarchicalTestExecutorService.java:185)
	at java.base/java.util.concurrent.RecursiveAction.exec(RecursiveAction.java:189)
	at java.base/java.util.concurrent.ForkJoinTask.doExec(ForkJoinTask.java:290)
	at java.base/java.util.concurrent.ForkJoinPool$WorkQueue.topLevelExec(ForkJoinPool.java:1020)
	at java.base/java.util.concurrent.ForkJoinPool.scan(ForkJoinPool.java:1656)
	at java.base/java.util.concurrent.ForkJoinPool.runWorker(ForkJoinPool.java:1594)
	at java.base/java.util.concurrent.ForkJoinWorkerThread.run(ForkJoinWorkerThread.java:183)
Caused by: java.lang.IllegalStateException: Failed to load ApplicationContext
	at org.springframework.test.context.cache.DefaultCacheAwareContextLoaderDelegate.loadContext(DefaultCacheAwareContextLoaderDelegate.java:132)
	at org.springframework.test.context.support.DefaultTestContext.getApplicationContext(DefaultTestContext.java:124)
	at org.springframework.test.context.junit.jupiter.SpringExtension.getApplicationContext(SpringExtension.java:283)
	at org.springframework.test.context.junit.jupiter.SpringExtension.resolveParameter(SpringExtension.java:269)
	at org.junit.jupiter.engine.execution.ExecutableInvoker.resolveParameter(ExecutableInvoker.java:216)
	... 39 more
Caused by: org.springframework.beans.factory.UnsatisfiedDependencyException: Error creating bean with name 'org.springframework.boot.autoconfigure.orm.jpa.HibernateJpaConfiguration': Unsatisfied dependency expressed through constructor parameter 0; nested exception is org.springframework.beans.factory.BeanCreationException: Error creating bean with name 'dataSource' defined in class path resource [org/springframework/boot/autoconfigure/jdbc/DataSourceConfiguration$Hikari.class]: Bean instantiation via factory method failed; nested exception is org.springframework.beans.BeanInstantiationException: Failed to instantiate [com.zaxxer.hikari.HikariDataSource]: Factory method 'dataSource' threw exception; nested exception is org.springframework.boot.autoconfigure.jdbc.DataSourceProperties$DataSourceBeanCreationException: Failed to determine a suitable driver class
	at org.springframework.beans.factory.support.ConstructorResolver.createArgumentArray(ConstructorResolver.java:800)
	at org.springframework.beans.factory.support.ConstructorResolver.autowireConstructor(ConstructorResolver.java:229)
	at org.springframework.beans.factory.support.AbstractAutowireCapableBeanFactory.autowireConstructor(AbstractAutowireCapableBeanFactory.java:1356)
	at org.springframework.beans.factory.support.AbstractAutowireCapableBeanFactory.createBeanInstance(AbstractAutowireCapableBeanFactory.java:1206)
	at org.springframework.beans.factory.support.AbstractAutowireCapableBeanFactory.doCreateBean(AbstractAutowireCapableBeanFactory.java:571)
	at org.springframework.beans.factory.support.AbstractAutowireCapableBeanFactory.createBean(AbstractAutowireCapableBeanFactory.java:531)
	at org.springframework.beans.factory.support.AbstractBeanFactory.lambda$doGetBean$0(AbstractBeanFactory.java:335)
	at org.springframework.beans.factory.support.DefaultSingletonBeanRegistry.getSingleton(DefaultSingletonBeanRegistry.java:234)
	at org.springframework.beans.factory.support.AbstractBeanFactory.doGetBean(AbstractBeanFactory.java:333)
	at org.springframework.beans.factory.support.AbstractBeanFactory.getBean(AbstractBeanFactory.java:208)
	at org.springframework.beans.factory.support.ConstructorResolver.instantiateUsingFactoryMethod(ConstructorResolver.java:410)
	at org.springframework.beans.factory.support.AbstractAutowireCapableBeanFactory.instantiateUsingFactoryMethod(AbstractAutowireCapableBeanFactory.java:1336)
	at org.springframework.beans.factory.support.AbstractAutowireCapableBeanFactory.createBeanInstance(AbstractAutowireCapableBeanFactory.java:1179)
	at org.springframework.beans.factory.support.AbstractAutowireCapableBeanFactory.doCreateBean(AbstractAutowireCapableBeanFactory.java:571)
	at org.springframework.beans.factory.support.AbstractAutowireCapableBeanFactory.createBean(AbstractAutowireCapableBeanFactory.java:531)
	at org.springframework.beans.factory.support.AbstractBeanFactory.lambda$doGetBean$0(AbstractBeanFactory.java:335)
	at org.springframework.beans.factory.support.DefaultSingletonBeanRegistry.getSingleton(DefaultSingletonBeanRegistry.java:234)
	at org.springframework.beans.factory.support.AbstractBeanFactory.doGetBean(AbstractBeanFactory.java:333)
	at org.springframework.beans.factory.support.AbstractBeanFactory.getBean(AbstractBeanFactory.java:208)
	at org.springframework.context.support.AbstractApplicationContext.getBean(AbstractApplicationContext.java:1159)
	at org.springframework.context.support.AbstractApplicationContext.finishBeanFactoryInitialization(AbstractApplicationContext.java:913)
	at org.springframework.context.support.AbstractApplicationContext.refresh(AbstractApplicationContext.java:588)
	at org.springframework.boot.web.servlet.context.ServletWebServerApplicationContext.refresh(ServletWebServerApplicationContext.java:144)
	at org.springframework.boot.SpringApplication.refresh(SpringApplication.java:767)
	at org.springframework.boot.SpringApplication.refresh(SpringApplication.java:759)
	at org.springframework.boot.SpringApplication.refreshContext(SpringApplication.java:426)
	at org.springframework.boot.SpringApplication.run(SpringApplication.java:326)
	at org.springframework.boot.test.context.SpringBootContextLoader.loadContext(SpringBootContextLoader.java:123)
	at org.springframework.test.context.cache.DefaultCacheAwareContextLoaderDelegate.loadContextInternal(DefaultCacheAwareContextLoaderDelegate.java:99)
	at org.springframework.test.context.cache.DefaultCacheAwareContextLoaderDelegate.loadContext(DefaultCacheAwareContextLoaderDelegate.java:124)
	... 43 more
Caused by: org.springframework.beans.factory.BeanCreationException: Error creating bean with name 'dataSource' defined in class path resource [org/springframework/boot/autoconfigure/jdbc/DataSourceConfiguration$Hikari.class]: Bean instantiation via factory method failed; nested exception is org.springframework.beans.BeanInstantiationException: Failed to instantiate [com.zaxxer.hikari.HikariDataSource]: Factory method 'dataSource' threw exception; nested exception is org.springframework.boot.autoconfigure.jdbc.DataSourceProperties$DataSourceBeanCreationException: Failed to determine a suitable driver class
	at org.springframework.beans.factory.support.ConstructorResolver.instantiate(ConstructorResolver.java:658)
	at org.springframework.beans.factory.support.ConstructorResolver.instantiateUsingFactoryMethod(ConstructorResolver.java:638)
	at org.springframework.beans.factory.support.AbstractAutowireCapableBeanFactory.instantiateUsingFactoryMethod(AbstractAutowireCapableBeanFactory.java:1336)
	at org.springframework.beans.factory.support.AbstractAutowireCapableBeanFactory.createBeanInstance(AbstractAutowireCapableBeanFactory.java:1179)
	at org.springframework.beans.factory.support.AbstractAutowireCapableBeanFactory.doCreateBean(AbstractAutowireCapableBeanFactory.java:571)
	at org.springframework.beans.factory.support.AbstractAutowireCapableBeanFactory.createBean(AbstractAutowireCapableBeanFactory.java:531)
	at org.springframework.beans.factory.support.AbstractBeanFactory.lambda$doGetBean$0(AbstractBeanFactory.java:335)
	at org.springframework.beans.factory.support.DefaultSingletonBeanRegistry.getSingleton(DefaultSingletonBeanRegistry.java:234)
	at org.springframework.beans.factory.support.AbstractBeanFactory.doGetBean(AbstractBeanFactory.java:333)
	at org.springframework.beans.factory.support.AbstractBeanFactory.getBean(AbstractBeanFactory.java:208)
	at org.springframework.beans.factory.config.DependencyDescriptor.resolveCandidate(DependencyDescriptor.java:276)
	at org.springframework.beans.factory.support.DefaultListableBeanFactory.doResolveDependency(DefaultListableBeanFactory.java:1380)
	at org.springframework.beans.factory.support.DefaultListableBeanFactory.resolveDependency(DefaultListableBeanFactory.java:1300)
	at org.springframework.beans.factory.support.ConstructorResolver.resolveAutowiredArgument(ConstructorResolver.java:887)
	at org.springframework.beans.factory.support.ConstructorResolver.createArgumentArray(ConstructorResolver.java:791)
	... 72 more
Caused by: org.springframework.beans.BeanInstantiationException: Failed to instantiate [com.zaxxer.hikari.HikariDataSource]: Factory method 'dataSource' threw exception; nested exception is org.springframework.boot.autoconfigure.jdbc.DataSourceProperties$DataSourceBeanCreationException: Failed to determine a suitable driver class
	at org.springframework.beans.factory.support.SimpleInstantiationStrategy.instantiate(SimpleInstantiationStrategy.java:185)
	at org.springframework.beans.factory.support.ConstructorResolver.instantiate(ConstructorResolver.java:653)
	... 86 more
Caused by: org.springframework.boot.autoconfigure.jdbc.DataSourceProperties$DataSourceBeanCreationException: Failed to determine a suitable driver class
	at org.springframework.boot.autoconfigure.jdbc.DataSourceProperties.determineDriverClassName(DataSourceProperties.java:235)
	at org.springframework.boot.autoconfigure.jdbc.DataSourceProperties.initializeDataSourceBuilder(DataSourceProperties.java:176)
	at org.springframework.boot.autoconfigure.jdbc.DataSourceConfiguration.createDataSource(DataSourceConfiguration.java:48)
	at org.springframework.boot.autoconfigure.jdbc.DataSourceConfiguration$Hikari.dataSource(DataSourceConfiguration.java:90)
	at java.base/jdk.internal.reflect.NativeMethodAccessorImpl.invoke0(Native Method)
	at java.base/jdk.internal.reflect.NativeMethodAccessorImpl.invoke(NativeMethodAccessorImpl.java:62)
	at java.base/jdk.internal.reflect.DelegatingMethodAccessorImpl.invoke(DelegatingMethodAccessorImpl.java:43)
	at java.base/java.lang.reflect.Method.invoke(Method.java:566)
	at org.springframework.beans.factory.support.SimpleInstantiationStrategy.instantiate(SimpleInstantiationStrategy.java:154)
	... 87 more
</failure>
  </testcase>
  <system-out><![CDATA[2021-04-18 22:21:57,967 ?[34mINFO ?[0;39m [?[34mForkJoinPool-1-worker-19?[0;39m] ?[33morg.springframework.boot.test.context.SpringBootTestContextBootstrapper?[0;39m:buildDefaultMergedContextConfiguration:305: Neither @ContextConfiguration nor @ContextHierarchy found for test class [com.wnsgml972.strada.config.StradaConfigTest], using SpringBootContextLoader
2021-04-18 22:21:57,978 ?[34mINFO ?[0;39m [?[34mForkJoinPool-1-worker-19?[0;39m] ?[33morg.springframework.test.context.support.AbstractContextLoader?[0;39m:generateDefaultLocations:264: Could not detect default resource locations for test class [com.wnsgml972.strada.config.StradaConfigTest]: no resource found for suffixes {-context.xml, Context.groovy}.
2021-04-18 22:21:58,262 ?[34mINFO ?[0;39m [?[34mForkJoinPool-1-worker-19?[0;39m] ?[33morg.springframework.boot.test.context.SpringBootTestContextBootstrapper?[0;39m:getDefaultTestExecutionListenerClassNames:245: Loaded default TestExecutionListener class names from location [META-INF/spring.factories]: [org.springframework.boot.test.autoconfigure.restdocs.RestDocsTestExecutionListener, org.springframework.boot.test.autoconfigure.web.client.MockRestServiceServerResetTestExecutionListener, org.springframework.boot.test.autoconfigure.web.servlet.MockMvcPrintOnlyOnFailureTestExecutionListener, org.springframework.boot.test.autoconfigure.web.servlet.WebDriverTestExecutionListener, org.springframework.boot.test.autoconfigure.webservices.client.MockWebServiceServerTestExecutionListener, org.springframework.boot.test.mock.mockito.MockitoTestExecutionListener, org.springframework.boot.test.mock.mockito.ResetMocksTestExecutionListener, org.springframework.test.context.web.ServletTestExecutionListener, org.springframework.test.context.support.DirtiesContextBeforeModesTestExecutionListener, org.springframework.test.context.event.ApplicationEventsTestExecutionListener, org.springframework.test.context.support.DependencyInjectionTestExecutionListener, org.springframework.test.context.support.DirtiesContextTestExecutionListener, org.springframework.test.context.transaction.TransactionalTestExecutionListener, org.springframework.test.context.jdbc.SqlScriptsTestExecutionListener, org.springframework.test.context.event.EventPublishingTestExecutionListener]
2021-04-18 22:21:58,285 ?[34mINFO ?[0;39m [?[34mForkJoinPool-1-worker-19?[0;39m] ?[33morg.springframework.boot.test.context.SpringBootTestContextBootstrapper?[0;39m:getTestExecutionListeners:174: Using TestExecutionListeners: [org.springframework.test.context.web.ServletTestExecutionListener@500bf35c, org.springframework.test.context.support.DirtiesContextBeforeModesTestExecutionListener@2c21798e, org.springframework.test.context.event.ApplicationEventsTestExecutionListener@541d0fc0, org.springframework.boot.test.mock.mockito.MockitoTestExecutionListener@5012d67b, org.springframework.boot.test.autoconfigure.SpringBootDependencyInjectionTestExecutionListener@5f0c4e36, org.springframework.test.context.support.DirtiesContextTestExecutionListener@78c6a150, org.springframework.test.context.transaction.TransactionalTestExecutionListener@4499c287, org.springframework.test.context.jdbc.SqlScriptsTestExecutionListener@27e6561, org.springframework.test.context.event.EventPublishingTestExecutionListener@3f3ee6e6, org.springframework.boot.test.autoconfigure.restdocs.RestDocsTestExecutionListener@72bf0c70, org.springframework.boot.test.autoconfigure.web.client.MockRestServiceServerResetTestExecutionListener@78b8755a, org.springframework.boot.test.autoconfigure.web.servlet.MockMvcPrintOnlyOnFailureTestExecutionListener@91c5241, org.springframework.boot.test.autoconfigure.web.servlet.WebDriverTestExecutionListener@41dd8c52, org.springframework.boot.test.autoconfigure.webservices.client.MockWebServiceServerTestExecutionListener@4b8bc495, org.springframework.boot.test.mock.mockito.ResetMocksTestExecutionListener@70a27a1b]

  .   ____          _            __ _ _
 /\\ / ___'_ __ _ _(_)_ __  __ _ \ \ \ \
( ( )\___ | '_ | '_| | '_ \/ _` | \ \ \ \
 \\/  ___)| |_)| | | | | || (_| |  ) ) ) )
  '  |____| .__|_| |_|_| |_\__, | / / / /
 =========|_|==============|___/=/_/_/_/
 :: Spring Boot ::                (v2.4.2)

2021-04-18 22:21:58,765 ?[34mINFO ?[0;39m [?[34mForkJoinPool-1-worker-19?[0;39m] ?[33mcom.wnsgml972.strada.config.StradaConfigTest?[0;39m:logStarting:55: Starting StradaConfigTest using Java 11.0.10 on HPCNTui-MacBookPro-4.local with PID 83707 (started by ledger in /Users/ledger/JunheeGit/strada/api)
2021-04-18 22:21:58,765 ?[39mDEBUG?[0;39m [?[34mForkJoinPool-1-worker-19?[0;39m] ?[33mcom.wnsgml972.strada.config.StradaConfigTest?[0;39m:logStarting:56: Running with Spring Boot v2.4.2, Spring v5.3.3
2021-04-18 22:21:58,765 ?[34mINFO ?[0;39m [?[34mForkJoinPool-1-worker-19?[0;39m] ?[33mcom.wnsgml972.strada.config.StradaConfigTest?[0;39m:logStartupProfileInfo:664: The following profiles are active: test
2021-04-18 22:22:00,160 ?[34mINFO ?[0;39m [?[34mForkJoinPool-1-worker-19?[0;39m] ?[33morg.springframework.data.repository.config.RepositoryConfigurationDelegate?[0;39m:registerRepositoriesIn:128: Bootstrapping Spring Data JPA repositories in DEFAULT mode.
2021-04-18 22:22:00,596 ?[34mINFO ?[0;39m [?[34mForkJoinPool-1-worker-19?[0;39m] ?[33morg.springframework.data.repository.config.RepositoryConfigurationDelegate?[0;39m:registerRepositoriesIn:188: Finished Spring Data repository scanning in 421 ms. Found 1 JPA repository interfaces.
2021-04-18 22:22:03,605 ?[34mINFO ?[0;39m [?[34mForkJoinPool-1-worker-19?[0;39m] ?[33morg.springframework.boot.web.embedded.tomcat.TomcatWebServer?[0;39m:initialize:108: Tomcat initialized with port(s): 0 (http)
2021-04-18 22:22:03,622 ?[34mINFO ?[0;39m [?[34mForkJoinPool-1-worker-19?[0;39m] ?[33morg.apache.coyote.http11.Http11NioProtocol?[0;39m:log:173: Initializing ProtocolHandler ["http-nio-auto-1"]
2021-04-18 22:22:03,622 ?[34mINFO ?[0;39m [?[34mForkJoinPool-1-worker-19?[0;39m] ?[33morg.apache.catalina.core.StandardService?[0;39m:log:173: Starting service [Tomcat]
2021-04-18 22:22:03,623 ?[34mINFO ?[0;39m [?[34mForkJoinPool-1-worker-19?[0;39m] ?[33morg.apache.catalina.core.StandardEngine?[0;39m:log:173: Starting Servlet engine: [Apache Tomcat/9.0.41]
2021-04-18 22:22:03,869 ?[34mINFO ?[0;39m [?[34mForkJoinPool-1-worker-19?[0;39m] ?[33morg.apache.catalina.core.ContainerBase.[Tomcat].[localhost].[/]?[0;39m:log:173: Initializing Spring embedded WebApplicationContext
2021-04-18 22:22:03,869 ?[34mINFO ?[0;39m [?[34mForkJoinPool-1-worker-19?[0;39m] ?[33morg.springframework.boot.web.servlet.context.ServletWebServerApplicationContext?[0;39m:prepareWebApplicationContext:289: Root WebApplicationContext: initialization completed in 5086 ms
2021-04-18 22:22:04,636 ?[39mDEBUG?[0;39m [?[34mForkJoinPool-1-worker-19?[0;39m] ?[33mcom.wnsgml972.strada.security.JwtAuthorizationFilter?[0;39m:init:242: Filter 'jwtAuthorizationFilter' configured for use
2021-04-18 22:22:04,678 ?[31mWARN ?[0;39m [?[34mForkJoinPool-1-worker-19?[0;39m] ?[33morg.springframework.boot.web.servlet.context.AnnotationConfigServletWebServerApplicationContext?[0;39m:refresh:596: Exception encountered during context initialization - cancelling refresh attempt: org.springframework.beans.factory.UnsatisfiedDependencyException: Error creating bean with name 'org.springframework.boot.autoconfigure.orm.jpa.HibernateJpaConfiguration': Unsatisfied dependency expressed through constructor parameter 0; nested exception is org.springframework.beans.factory.BeanCreationException: Error creating bean with name 'dataSource' defined in class path resource [org/springframework/boot/autoconfigure/jdbc/DataSourceConfiguration$Hikari.class]: Bean instantiation via factory method failed; nested exception is org.springframework.beans.BeanInstantiationException: Failed to instantiate [com.zaxxer.hikari.HikariDataSource]: Factory method 'dataSource' threw exception; nested exception is org.springframework.boot.autoconfigure.jdbc.DataSourceProperties$DataSourceBeanCreationException: Failed to determine a suitable driver class
2021-04-18 22:22:04,682 ?[34mINFO ?[0;39m [?[34mForkJoinPool-1-worker-19?[0;39m] ?[33morg.apache.catalina.core.StandardService?[0;39m:log:173: Stopping service [Tomcat]
2021-04-18 22:22:04,718 ?[34mINFO ?[0;39m [?[34mForkJoinPool-1-worker-19?[0;39m] ?[33morg.springframework.boot.autoconfigure.logging.ConditionEvaluationReportLoggingListener?[0;39m:logMessage:136: 

Error starting ApplicationContext. To display the conditions report re-run your application with 'debug' enabled.
2021-04-18 22:22:04,747 ?[1;31mERROR?[0;39m [?[34mForkJoinPool-1-worker-19?[0;39m] ?[33morg.springframework.boot.diagnostics.LoggingFailureAnalysisReporter?[0;39m:report:40: 

***************************
APPLICATION FAILED TO START
***************************

Description:

Failed to configure a DataSource: 'url' attribute is not specified and no embedded datasource could be configured.

Reason: Failed to determine a suitable driver class


Action:

Consider the following:
	If you want an embedded database (H2, HSQL or Derby), please put it on the classpath.
	If you have database settings to be loaded from a particular profile you may need to activate it (the profiles test are currently active).

]]></system-out>
  <system-err><![CDATA[log4j:WARN No appenders could be found for logger (org.jboss.logging).
log4j:WARN Please initialize the log4j system properly.
log4j:WARN See http://logging.apache.org/log4j/1.2/faq.html#noconfig for more info.
]]></system-err>
</testsuite>
